<?xml version="1.0" encoding="UTF-8"?>
<!-- Generated by org.testng.reporters.JUnitReportReporter -->
<testsuite hostname="LAPTOP-04B1LE1H" failures="0" tests="2" name="com.tutorialsninja.testsuite.DesktopsPageTest" time="18.684" errors="0" timestamp="2023-12-06T15:43:51 GMT" skipped="0">
  <testcase classname="com.tutorialsninja.testsuite.DesktopsPageTest" name="verifyProductAddedToShoppingCartSuccessFully" time="13.353"/>
  <testcase classname="com.tutorialsninja.testsuite.DesktopsPageTest" name="verifyProductArrangeInAlphabeticalOrder" time="5.331"/>
</testsuite> <!-- com.tutorialsninja.testsuite.DesktopsPageTest -->
