<?xml version="1.0" encoding="UTF-8"?>
<!-- Generated by org.testng.reporters.JUnitReportReporter -->
<testsuite hostname="LAPTOP-04B1LE1H" failures="0" tests="2" name="com.tutorialsninja.testsuite.LaptopsAndNotebooksPageTest" time="11.999" errors="0" timestamp="2023-12-06T15:43:51 GMT" skipped="0">
  <testcase classname="com.tutorialsninja.testsuite.LaptopsAndNotebooksPageTest" name="verifyThatUserPlaceOrderSuccessfully" time="6.923"/>
  <testcase classname="com.tutorialsninja.testsuite.LaptopsAndNotebooksPageTest" name="verifyProductsPriceDisplayHighToLowSuccessfully" time="5.076"/>
</testsuite> <!-- com.tutorialsninja.testsuite.LaptopsAndNotebooksPageTest -->
