<?xml version="1.0" encoding="UTF-8"?>
<!-- Generated by org.testng.reporters.JUnitReportReporter -->
<testsuite hostname="LAPTOP-04B1LE1H" failures="0" tests="2" name="com.tutorialsninja.testsuite.AccountRegisterPageTest" time="51.187" errors="0" timestamp="2023-12-06T15:43:51 GMT" skipped="0">
  <testcase classname="com.tutorialsninja.testsuite.AccountRegisterPageTest" name="verifyUserShouldNavigateToLoginPageSuccessfully" time="24.082"/>
  <testcase classname="com.tutorialsninja.testsuite.AccountRegisterPageTest" name="verifyThatUserShouldLoginAndLogoutSuccessfully" time="27.105"/>
</testsuite> <!-- com.tutorialsninja.testsuite.AccountRegisterPageTest -->
