<?xml version="1.0" encoding="UTF-8"?>
<!-- Generated by org.testng.reporters.JUnitReportReporter -->
<testsuite hostname="LAPTOP-04B1LE1H" failures="0" tests="3" name="com.tutorialsninja.testsuite.TopMenuTest" time="12.417" errors="0" timestamp="2023-12-06T15:43:51 GMT" skipped="0">
  <testcase classname="com.tutorialsninja.testsuite.TopMenuTest" name="verifyUserShouldNavigateToDesktopsPageSuccessfully" time="4.158"/>
  <testcase classname="com.tutorialsninja.testsuite.TopMenuTest" name="verifyUserShouldNavigateToLaptopsAndNotebooksPageSuccessfully" time="4.138"/>
  <testcase classname="com.tutorialsninja.testsuite.TopMenuTest" name="verifyUserShouldNavigateToComponentsPageSuccessfully" time="4.121"/>
</testsuite> <!-- com.tutorialsninja.testsuite.TopMenuTest -->
