<?xml version="1.0" encoding="UTF-8"?>
<!-- Generated by org.testng.reporters.JUnitReportReporter -->
<testsuite hostname="LAPTOP-04B1LE1H" failures="0" tests="2" name="com.tutorialsninja.testsuite.AccountLoginPageTest" time="9.513" errors="0" timestamp="2023-12-06T15:43:51 GMT" skipped="0">
  <testcase classname="com.tutorialsninja.testsuite.AccountLoginPageTest" name="verifyUserShouldNavigateToLoginPageSuccessfully" time="3.809"/>
  <testcase classname="com.tutorialsninja.testsuite.AccountLoginPageTest" name="verifyThatUserShouldLoginAndLogoutSuccessfully" time="5.704"/>
</testsuite> <!-- com.tutorialsninja.testsuite.AccountLoginPageTest -->
